A 0.807244 1.177540 0.844739 0.434952 0.300554 3.914278
A 0.875057 1.638929 0.814065 0.360941 0.440517 3.661142
A 1.205699 0.981885 1.464449 0.439078 0.269364 2.156316
A 1.083053 1.504388 1.070731 0.542739 0.277315 2.260613
A 1.331679 1.299306 1.099038 0.521200 0.499127 4.292725
A 1.062778 nan 1.222449 0.658936 nan 2.041821
A 1.290555 0.983902 0.886895 0.567866 0.438839 3.099308
A 1.073359 1.586007 1.157894 0.523381 0.461476 3.529821
A 0.732282 1.018812 1.238850 0.587805 0.339733 3.360004
A 1.056580 1.097584 0.936767 0.341293 0.325239 2.269344
A 0.670064 1.198778 0.919945 0.524766 0.228659 2.749710
A 1.099947 1.631238 1.259182 0.471110 0.387303 2.392086
A 0.862172 0.373900 0.891121 nan 0.209160 nan
A 0.604291 1.569450 1.021588 0.418006 0.412939 2.417382
A 0.715433 1.711352 0.995960 0.405779 0.452597 2.173867
A 0.964574 1.050565 0.884389 0.524115 0.397603 3.285009
A 1.338335 1.183655 1.167250 0.340183 0.254743 4.106910
A 1.579400 0.864002 0.772056 0.449557 0.478228 3.353821
A 1.484767 0.982439 1.418146 0.352641 0.410209 3.200693
A 1.265700 1.659886 1.564182 0.616820 0.500262 3.406399
A 1.407820 3.129812 0.618231 0.372786 0.313890 2.070202
