A 0.827385 0.630949 0.700124 0.237304 0.130420 2.188690
A 1.582626 1.051958 0.923958 0.657993 0.238749 2.470694
A 1.153933 0.697724 0.735722 0.376857 0.099030 2.543039
A 0.941755 0.634235 0.790392 0.323726 0.096321 2.288333
A 0.962580 1.317535 0.999380 0.377361 0.325400 3.211542
A 0.673449 nan 0.931463 0.267387 nan 1.349679
A 0.959418 0.841300 1.223474 0.314278 0.125629 2.539417
A 0.973188 1.319455 0.815803 0.491786 0.214935 2.719676
A 0.671457 0.548004 0.800498 0.320022 0.116977 2.344119
A 0.758945 0.775236 0.836365 0.306212 0.152562 2.074038
A 0.889592 0.999787 0.710354 0.266832 0.130016 2.473729
A 0.670340 0.850298 0.833225 0.209061 0.199739 1.638443
A 0.717524 0.368189 0.684167 nan 0.137399 nan
A 0.665565 0.563877 0.970352 0.360557 0.099115 1.846382
A 1.011033 1.015286 1.030728 0.326585 0.104645 2.380951
A 0.707322 0.557744 0.794193 0.327373 0.123232 1.676761
A 1.051262 0.697319 0.763335 0.360027 0.165320 1.899175
A 1.216290 0.764519 0.652667 0.278486 0.154024 3.354823
A 1.198579 0.913196 1.291857 0.445833 0.289629 2.199201
A 1.150909 1.457383 0.684009 0.573898 0.289105 2.280683
A 1.700235 3.574917 1.150617 0.386964 0.251799 2.785180
