A 0.632921 0.890165 0.812394 0.382678 0.142729 2.218894
A 0.858607 1.276967 1.245696 0.569912 0.225125 1.544592
A 0.678447 0.712005 0.880784 0.540061 0.145867 1.377850
A 0.710055 0.595585 1.120710 0.517441 0.202065 2.082548
A 1.423585 0.962735 0.887249 0.623330 0.422711 2.793070
A 0.563197 nan 1.215864 0.466465 nan 1.987425
A 1.556410 0.900687 0.789319 0.502441 0.204608 1.699013
A 1.112223 1.036620 1.122813 0.504653 0.302975 2.493077
A 1.069904 0.553943 1.163119 0.359603 0.211161 1.579604
A 0.917680 0.917534 0.685223 0.339979 0.216039 2.426269
A 1.373494 1.570245 0.756919 0.535005 0.247350 2.223420
A 0.781583 0.814674 1.020457 0.516422 0.153411 1.374722
A 0.695066 0.437439 0.736311 nan 0.173805 nan
A 0.831289 0.521844 0.864316 0.524012 0.146323 1.633022
A 1.065741 0.631314 0.760573 0.530929 0.251046 2.043720
A 1.021650 0.458164 1.141025 0.485116 0.164368 1.799604
A 0.813533 0.541856 0.771534 0.298671 0.159499 2.309538
A 1.130216 0.462245 0.654807 0.422498 0.280064 2.043183
A 1.677583 0.810303 1.218659 0.516949 0.375358 2.237117
A 1.001178 0.786459 1.290310 0.661213 0.229686 2.511031
A 1.320190 2.176686 0.639739 0.431768 0.219576 2.212411
