A 1.033906 0.467793 0.905049 0.287848 0.177582 2.324626
A 1.319851 1.451382 1.344526 0.469504 0.273331 3.966161
A 0.722242 0.763626 0.852805 0.253712 0.103036 2.894724
A 1.015983 0.651568 0.733867 0.175936 0.136672 1.843775
A 1.355344 0.866551 1.220530 0.651144 0.205921 2.433723
A 0.702538 nan 1.012939 0.418918 nan 1.476568
A 0.580078 0.827792 1.338063 0.355885 0.232969 2.221002
A 1.039707 0.647576 0.767063 0.378102 0.210150 1.708225
A 0.870387 0.817736 1.105190 0.246086 0.144682 1.353175
A 0.809614 0.952436 0.741960 0.232801 0.180956 2.191746
A 1.042090 1.514114 1.341765 0.269495 0.132622 1.414275
A 0.705930 0.759379 0.735650 0.177468 0.166390 1.287545
A 0.526995 0.464293 0.819344 nan 0.132977 nan
A 0.755848 0.687938 0.648225 0.281860 0.158905 1.992099
A 1.206808 0.817450 0.760272 0.386178 0.168637 2.497403
A 0.713384 0.648532 0.446652 0.300876 0.086301 1.569159
A 1.080915 0.868513 0.644569 0.260565 0.193625 1.677104
A 1.053302 0.998163 0.704665 0.359205 0.293836 2.033559
A 0.944010 0.706292 2.118776 0.518915 0.413817 2.723365
A 1.035397 0.977170 0.968997 0.393913 0.230094 3.190053
A 0.622772 3.246738 0.312947 0.319876 0.203812 1.884104
