A 0.625489 0.715485 0.975159 0.553101 0.250710 1.510781
A 1.246007 1.274655 1.019942 0.354617 0.162507 1.581881
A 0.439728 0.987305 0.942866 0.372895 0.110829 1.910086
A 0.597285 0.589623 1.104166 0.527216 0.132399 2.068467
A 1.587383 1.000879 0.874355 0.360339 0.349543 2.468369
A 0.704474 nan 0.980713 0.463624 nan 2.178889
A 0.910077 1.093992 1.300938 0.579902 0.262469 2.052830
A 1.586455 1.094637 0.924249 0.411604 0.275463 2.523698
A 1.042087 0.466573 1.024175 0.557345 0.193290 1.872457
A 0.804690 0.814469 0.909725 0.420422 0.253310 1.678151
A 1.306343 1.689546 1.121169 0.421421 0.275193 1.291143
A 0.905298 0.942343 0.684524 0.458806 0.197906 2.011844
A 0.759734 0.436668 0.563189 nan 0.154231 nan
A 0.639243 0.524204 1.027417 0.531839 0.160784 1.589662
A 1.096315 0.597191 1.114905 0.488612 0.246917 2.363067
A 0.698900 0.619801 1.250067 0.474144 0.135126 1.394638
A 1.110895 0.709666 0.738642 0.408404 0.204282 1.999732
A 0.985554 0.602205 0.666502 0.485957 0.285337 1.588112
A 1.792458 1.113390 0.737288 0.609912 0.259366 1.542698
A 1.149196 1.103950 1.143827 0.586917 0.289826 2.630491
A 1.430531 2.657546 1.090946 0.386830 0.190996 1.400612
