A 1.009507 0.659429 0.802730 0.209607 0.181303 2.049071
A 1.795862 1.498577 1.595513 0.437969 0.389577 3.982939
A 0.934880 0.570639 0.888041 0.187937 0.152838 2.753136
A 1.024294 0.444427 0.564417 0.194315 0.127576 2.050289
A 1.321709 0.653989 1.354769 0.371183 0.242739 1.937824
A 0.485658 nan 0.613664 0.420942 nan 2.277161
A 1.004972 0.998984 1.057729 0.216866 0.245575 2.372404
A 0.789486 0.615420 0.572635 0.409180 0.256545 1.734991
A 1.156239 0.630526 1.058100 0.230568 0.147317 2.178126
A 0.769401 1.042092 0.626150 0.294896 0.166690 2.612110
A 0.921950 1.247304 0.935254 0.303532 0.125936 1.162251
A 0.869500 0.715426 0.670299 0.145711 0.152761 1.560497
A 0.421869 0.415679 0.714659 nan 0.137020 nan
A 0.783590 0.519392 0.812998 0.267778 0.149837 2.096635
A 1.220177 0.935253 0.905927 0.311188 0.181345 2.639335
A 0.650114 0.666721 0.658402 0.253311 0.076340 1.713109
A 1.237608 0.683687 0.834783 0.299963 0.228436 1.933332
A 0.902203 0.815258 1.019563 0.242507 0.174026 2.921285
A 0.972312 0.600460 1.672608 0.463500 0.396092 3.152400
A 1.426510 1.018699 1.312398 0.544188 0.283125 3.526324
A 0.666621 2.366783 0.350568 0.345639 0.220243 2.391419
