A 1.102879 1.143434 1.027400 0.634455 0.496397 3.891245
A 1.113491 1.646106 0.934955 0.338189 0.364683 3.900785
A 1.095762 1.147604 1.400639 0.456998 0.303351 2.954220
A 1.101259 1.663169 1.083524 0.488251 0.409015 2.274468
A 1.272196 1.466031 1.618401 0.420500 0.332109 4.119963
A 1.044557 nan 1.509448 0.440428 nan 3.445587
A 1.280482 1.696488 1.155358 0.543824 0.340021 2.347102
A 1.088905 1.751645 1.272622 0.353287 0.454713 3.043749
A 1.110736 1.346588 0.979685 0.448382 0.270972 3.045371
A 1.061836 1.848063 0.999608 0.323085 0.336691 2.633037
A 0.974199 1.428063 1.239651 0.398799 0.290768 3.357966
A 0.611570 1.011212 1.182651 0.349319 0.326158 2.082290
A 0.533729 0.373088 0.623596 nan 0.272882 nan
A 0.942572 1.349458 1.096091 0.471581 0.417626 2.727216
A 0.762486 1.361541 0.949255 0.510104 0.282110 3.793425
A 1.092099 1.062676 0.926330 0.489294 0.400449 3.721139
A 1.547961 0.768138 1.065933 0.546937 0.348401 3.937686
A 0.931247 1.523687 1.041203 0.445560 0.485847 3.232251
A 1.021629 0.963825 1.444510 0.395035 0.375344 2.512889
A 0.864988 1.272431 1.499104 0.342268 0.386484 2.696280
A 0.970485 2.002127 0.860832 0.291429 0.307903 2.875686
