A 0.482306 0.698766 0.790676 0.323606 0.157080 1.401392
A 1.222891 0.967397 1.083924 0.544020 0.281486 2.126953
A 1.034130 0.804101 0.584407 0.327293 0.154417 2.044445
A 0.807847 0.503663 0.756464 0.323730 0.102685 2.262518
A 1.047002 1.051507 1.289924 0.478981 0.197513 1.853050
A 0.550848 nan 0.913255 0.278893 nan 1.995411
A 0.847698 1.146401 1.108311 0.439774 0.194880 2.586294
A 0.978368 1.496255 0.865103 0.379852 0.251837 2.430345
A 0.990515 0.872387 0.853092 0.240128 0.179524 2.419051
A 1.181218 1.070369 1.177361 0.313649 0.139834 2.830564
A 0.992771 1.409205 0.710734 0.342425 0.144914 1.401677
A 0.884225 0.810366 1.016525 0.263194 0.200913 2.648433
A 0.620591 0.516308 0.905493 nan 0.169757 nan
A 0.902401 0.931815 0.538812 0.240777 0.179725 2.651999
A 1.122220 0.738811 0.791559 0.299674 0.119503 2.316163
A 0.572671 0.657067 0.694146 0.347975 0.154207 1.953757
A 0.829959 1.053684 1.090927 0.403232 0.155287 1.961235
A 1.149437 0.896952 1.002410 0.248923 0.206924 2.105920
A 1.647484 0.800759 1.402002 0.709384 0.247487 3.760864
A 1.202847 1.426756 1.004597 0.541095 0.293597 3.041733
A 1.254571 3.601258 1.045372 0.536086 0.239729 1.808706
