A 0.8715 1.4441 1.0121 0.4936 0.3925 3.2117
C 1.1156 1.3529 1.1413 0.4685 0.3540 3.4910
D 0.9755 1.3511 1.1657 0.4025 0.3055 2.8327
E 0.8495 1.3758 0.9777 0.4249 0.3685 3.0104
F 1.0471 1.3617 1.3465 0.4593 0.3981 3.3823
G 0.8926    nan 1.1846 0.5120    nan 2.6540
H 1.1090 1.3938 1.1063 0.4480 0.3453 3.2063
I 1.0293 1.3772 1.1132 0.4500 0.3740 3.2057
K 0.8754 1.3646 1.0412 0.4618 0.3620 2.9834
L 0.8715 1.4343 1.1151 0.4517 0.3370 2.9636
M 0.7905 1.5319 1.0690 0.4197 0.3160 2.6597
N 0.8551 1.3235 1.0337 0.4162 0.3113 2.9057
P 0.7280 0.4452 0.8567    nan 0.2528    nan
Q 0.7773 1.3822 0.8882 0.4350 0.3615 2.9958
R 0.9397 1.3295 1.0530 0.4668 0.3579 3.0053
S 0.8810 1.0717 1.0864 0.4611 0.3854 3.0588
T 1.2172 1.0896 1.0695 0.4267 0.3632 3.5641
V 1.2329 1.2265 1.0892 0.4472 0.3814 3.4655
W 1.2185 1.2147 1.3629 0.4760 0.3790 2.8777
Y 1.0679 1.4179 1.2854 0.4753 0.4142 3.3378
X 1.1654 2.6946 0.8629 0.3442 0.3203 2.7103
