A 0.6532 0.6288 0.8456 0.2527 0.1291 1.7413
C 1.2679 1.3156 0.9376 0.5106 0.2804 2.9121
D 0.8880 0.7406 0.7895 0.3106 0.1346 2.1772
E 0.7741 0.6716 0.6943 0.2511 0.1323 1.8222
F 1.1287 1.1110 1.0949 0.4619 0.2717 2.6007
G 0.5452    nan 0.7664 0.2610    nan 1.5615
H 0.7898 1.1060 0.9519 0.3384 0.1575 2.4916
I 0.9977 1.1522 0.8422 0.4482 0.2190 2.3275
K 0.8102 0.7710 0.8269 0.3312 0.1426 2.2006
L 0.9134 1.1071 1.0225 0.3844 0.1884 2.2650
M 0.8317 1.2467 0.8170 0.2840 0.1665 1.9673
N 0.7778 0.8382 0.9207 0.2957 0.1637 2.2233
P 0.5667 0.4858 0.7875    nan 0.1307    nan
Q 0.7520 0.7816 0.7594 0.2870 0.1386 2.0816
R 0.8949 0.8283 0.7993 0.3152 0.1470 2.0611
S 0.6880 0.5222 0.7084 0.2775 0.1214 1.5850
T 0.9321 0.8366 0.8810 0.4219 0.1645 2.6687
V 1.0593 0.8782 0.9035 0.3339 0.1966 2.6265
W 1.2791 1.0899 1.3698 0.5521 0.2668 3.0996
Y 1.1885 1.1232 0.9136 0.4726 0.2457 2.6073
X 1.3464 2.9939 1.4294 0.4924 0.3290 2.4859
