A 0.5820 0.7296 0.9991 0.4463 0.1991 1.7269
C 1.2237 0.9856 1.0239 0.4760 0.2150 2.1863
D 0.5937 0.7899 0.8123 0.4690 0.1410 1.9007
E 0.7156 0.6327 0.8880 0.4395 0.1628 1.8284
F 1.3289 0.9373 1.0425 0.5015 0.3397 2.1758
G 0.6042    nan 0.9473 0.3619    nan 1.8307
H 1.1982 1.1471 1.0203 0.4660 0.2205 2.0899
I 1.3520 0.8738 0.9165 0.4621 0.2474 1.9460
K 0.8526 0.6214 0.9349 0.4365 0.1850 1.9141
L 0.7256 0.8591 0.9681 0.4664 0.2190 1.9810
M 1.3829 1.3006 0.9456 0.4191 0.2666 1.8435
N 0.7412 0.7706 0.8878 0.4006 0.1636 1.8114
P 0.6165 0.4860 0.7883    nan 0.1681    nan
Q 0.7285 0.6839 0.9045 0.4245 0.1782 1.8244
R 0.9415 0.7032 0.9297 0.4336 0.1992 1.8770
S 0.8175 0.6152 1.0357 0.3895 0.1791 1.8197
T 1.1149 0.6089 0.8426 0.3706 0.2125 2.7467
V 0.8695 0.5195 0.9072 0.5009 0.2478 1.9712
W 1.4252 0.9189 0.9897 0.5139 0.3071 1.8941
Y 1.3424 0.9298 1.0769 0.5186 0.2944 2.2183
X 1.4559 2.3834 0.8957 0.4296 0.2393 1.7528
