A 0.8445 0.5235 0.8515 0.2248 0.1423 2.0240
C 1.7930 1.1977 1.7855 0.4502 0.3165 3.3692
D 0.8404 0.7892 0.6848 0.2268 0.1214 2.5963
E 0.8573 0.5261 0.6832 0.2067 0.1400 1.8975
F 1.1074 0.6852 1.0840 0.5246 0.2122 2.1532
G 0.5961    nan 0.7821 0.3484    nan 1.9790
H 0.7882 1.1713 1.0408 0.3076 0.1909 2.7370
I 0.8564 0.6206 0.6749 0.3253 0.2273 2.0234
K 0.9223 0.6679 0.9008 0.2300 0.1726 1.8680
L 0.7086 0.8368 0.8943 0.2983 0.1642 2.3914
M 0.9086 1.3867 1.0873 0.3181 0.1746 1.2793
N 0.7165 0.6967 0.8115 0.1480 0.1423 1.3753
P 0.5325 0.4025 0.6856    nan 0.1333    nan
Q 0.7865 0.6464 0.6544 0.2340 0.1392 1.9581
R 1.0635 0.7290 1.0521 0.3282 0.1741 2.2027
S 0.5851 0.5734 0.5476 0.3074 0.1025 1.9477
T 0.9942 0.6701 0.7997 0.3037 0.1921 2.0369
V 0.9571 0.7863 0.8529 0.3029 0.2284 2.3494
W 1.2899 0.7500 1.7637 0.4541 0.3888 2.4303
Y 1.1977 1.2036 1.2504 0.4273 0.2757 2.7908
X 0.5206 3.1044 0.2980 0.3152 0.2113 1.9107
